  [1m[36m (121.9ms)[0m  [1mCREATE TABLE "schema_migrations" ("version" varchar NOT NULL) [0m
  [1m[35m (0.1ms)[0m  select sqlite_version(*)
  [1m[36m (100.0ms)[0m  [1mCREATE UNIQUE INDEX "unique_schema_migrations" ON "schema_migrations" ("version")[0m
  [1m[35mActiveRecord::SchemaMigration Load (0.1ms)[0m  SELECT "schema_migrations".* FROM "schema_migrations"
Migrating to CreateUsers (20160901233346)
  [1m[36m (0.1ms)[0m  [1mbegin transaction[0m
  [1m[35m (0.3ms)[0m  CREATE TABLE "users" ("id" INTEGER PRIMARY KEY AUTOINCREMENT NOT NULL, "name" varchar, "email" varchar, "password" varchar, "address" text, "phone" varchar, "birth" datetime, "created_at" datetime NOT NULL, "updated_at" datetime NOT NULL) 
  [1m[36mSQL (0.2ms)[0m  [1mINSERT INTO "schema_migrations" ("version") VALUES (?)[0m  [["version", "20160901233346"]]
  [1m[35m (112.6ms)[0m  commit transaction
Migrating to CreateReports (20160901234336)
  [1m[36m (0.1ms)[0m  [1mbegin transaction[0m
  [1m[35m (0.2ms)[0m  CREATE TABLE "reports" ("id" INTEGER PRIMARY KEY AUTOINCREMENT NOT NULL, "reason" text, "created_at" datetime NOT NULL, "updated_at" datetime NOT NULL) 
  [1m[36mSQL (0.1ms)[0m  [1mINSERT INTO "schema_migrations" ("version") VALUES (?)[0m  [["version", "20160901234336"]]
  [1m[35m (132.1ms)[0m  commit transaction
  [1m[36mActiveRecord::SchemaMigration Load (0.1ms)[0m  [1mSELECT "schema_migrations".* FROM "schema_migrations"[0m


Started GET "/" for 127.0.0.1 at 2016-09-01 23:50:23 -0300
  [1m[36mActiveRecord::SchemaMigration Load (0.1ms)[0m  [1mSELECT "schema_migrations".* FROM "schema_migrations"[0m
Processing by Rails::WelcomeController#index as HTML
  Rendered /home/vitor/.rvm/gems/ruby-2.2.1@desenho/gems/railties-4.2.6/lib/rails/templates/rails/welcome/index.html.erb (1.3ms)
Completed 200 OK in 15ms (Views: 7.6ms | ActiveRecord: 0.0ms)


Started GET "/users" for 127.0.0.1 at 2016-09-01 23:50:30 -0300
Processing by UsersController#index as HTML
  [1m[35mUser Load (0.1ms)[0m  SELECT "users".* FROM "users"
  Rendered users/index.html.erb within layouts/application (2.3ms)
Completed 200 OK in 919ms (Views: 915.5ms | ActiveRecord: 0.2ms)


Started GET "/assets/reports.self-e3b0c44298fc1c149afbf4c8996fb92427ae41e4649b934ca495991b7852b855.css?body=1" for 127.0.0.1 at 2016-09-01 23:50:31 -0300


Started GET "/assets/jquery_ujs.self-784a997f6726036b1993eb2217c9cb558e1cbb801c6da88105588c56f13b466a.js?body=1" for 127.0.0.1 at 2016-09-01 23:50:31 -0300


Started GET "/assets/scaffolds.self-205839e8ab3f34c670f9d02e03eaa2e0756a7eb4c0386a406428fb7432edf124.css?body=1" for 127.0.0.1 at 2016-09-01 23:50:31 -0300


Started GET "/assets/users.self-e3b0c44298fc1c149afbf4c8996fb92427ae41e4649b934ca495991b7852b855.css?body=1" for 127.0.0.1 at 2016-09-01 23:50:31 -0300


Started GET "/assets/jquery.self-bd7ddd393353a8d2480a622e80342adf488fb6006d667e8b42e4c0073393abee.js?body=1" for 127.0.0.1 at 2016-09-01 23:50:31 -0300


Started GET "/assets/turbolinks.self-c5acd7a204f5f25ce7a1d8a0e4d92e28d34c9e2df2c7371cd7af88e147e4ad82.js?body=1" for 127.0.0.1 at 2016-09-01 23:50:31 -0300


Started GET "/assets/reports.self-877aef30ae1b040ab8a3aba4e3e309a11d7f2612f44dde450b5c157aa5f95c05.js?body=1" for 127.0.0.1 at 2016-09-01 23:50:31 -0300


Started GET "/assets/users.self-877aef30ae1b040ab8a3aba4e3e309a11d7f2612f44dde450b5c157aa5f95c05.js?body=1" for 127.0.0.1 at 2016-09-01 23:50:31 -0300


Started GET "/assets/application.self-3b8dabdc891efe46b9a144b400ad69e37d7e5876bdc39dee783419a69d7ca819.js?body=1" for 127.0.0.1 at 2016-09-01 23:50:31 -0300
  [1m[36mActiveRecord::SchemaMigration Load (0.1ms)[0m  [1mSELECT "schema_migrations".* FROM "schema_migrations"[0m
Migrating to CreatePosts (20160902025209)
  [1m[35m (0.1ms)[0m  begin transaction
  [1m[36m (0.5ms)[0m  [1mCREATE TABLE "posts" ("id" INTEGER PRIMARY KEY AUTOINCREMENT NOT NULL, "text" varchar, "location" varchar, "created_at" datetime NOT NULL, "updated_at" datetime NOT NULL) [0m
  [1m[35mSQL (0.2ms)[0m  INSERT INTO "schema_migrations" ("version") VALUES (?)  [["version", "20160902025209"]]
  [1m[36m (133.0ms)[0m  [1mcommit transaction[0m
  [1m[35mActiveRecord::SchemaMigration Load (0.1ms)[0m  SELECT "schema_migrations".* FROM "schema_migrations"


Started GET "/users" for 127.0.0.1 at 2016-09-01 23:52:53 -0300
  [1m[36mActiveRecord::SchemaMigration Load (0.1ms)[0m  [1mSELECT "schema_migrations".* FROM "schema_migrations"[0m
Processing by UsersController#index as HTML
  [1m[35mUser Load (0.2ms)[0m  SELECT "users".* FROM "users"
  Rendered users/index.html.erb within layouts/application (2.9ms)
Completed 200 OK in 298ms (Views: 288.3ms | ActiveRecord: 0.2ms)


Started GET "/assets/posts.self-e3b0c44298fc1c149afbf4c8996fb92427ae41e4649b934ca495991b7852b855.css?body=1" for 127.0.0.1 at 2016-09-01 23:52:53 -0300


Started GET "/assets/posts.self-877aef30ae1b040ab8a3aba4e3e309a11d7f2612f44dde450b5c157aa5f95c05.js?body=1" for 127.0.0.1 at 2016-09-01 23:52:53 -0300


Started GET "/assets/reports.self-e3b0c44298fc1c149afbf4c8996fb92427ae41e4649b934ca495991b7852b855.css?body=1" for 127.0.0.1 at 2016-09-01 23:52:54 -0300


Started GET "/assets/scaffolds.self-205839e8ab3f34c670f9d02e03eaa2e0756a7eb4c0386a406428fb7432edf124.css?body=1" for 127.0.0.1 at 2016-09-01 23:52:54 -0300


Started GET "/assets/application.self-e80e8f2318043e8af94dddc2adad5a4f09739a8ebb323b3ab31cd71d45fd9113.css?body=1" for 127.0.0.1 at 2016-09-01 23:52:54 -0300


Started GET "/assets/users.self-e3b0c44298fc1c149afbf4c8996fb92427ae41e4649b934ca495991b7852b855.css?body=1" for 127.0.0.1 at 2016-09-01 23:52:54 -0300


Started GET "/assets/jquery.self-bd7ddd393353a8d2480a622e80342adf488fb6006d667e8b42e4c0073393abee.js?body=1" for 127.0.0.1 at 2016-09-01 23:52:54 -0300


Started GET "/assets/turbolinks.self-c5acd7a204f5f25ce7a1d8a0e4d92e28d34c9e2df2c7371cd7af88e147e4ad82.js?body=1" for 127.0.0.1 at 2016-09-01 23:52:54 -0300


Started GET "/assets/users.self-877aef30ae1b040ab8a3aba4e3e309a11d7f2612f44dde450b5c157aa5f95c05.js?body=1" for 127.0.0.1 at 2016-09-01 23:52:54 -0300


Started GET "/assets/reports.self-877aef30ae1b040ab8a3aba4e3e309a11d7f2612f44dde450b5c157aa5f95c05.js?body=1" for 127.0.0.1 at 2016-09-01 23:52:54 -0300


Started GET "/assets/jquery_ujs.self-784a997f6726036b1993eb2217c9cb558e1cbb801c6da88105588c56f13b466a.js?body=1" for 127.0.0.1 at 2016-09-01 23:52:54 -0300


Started GET "/assets/application.self-3b8dabdc891efe46b9a144b400ad69e37d7e5876bdc39dee783419a69d7ca819.js?body=1" for 127.0.0.1 at 2016-09-01 23:52:54 -0300


Started GET "/posts" for 127.0.0.1 at 2016-09-01 23:52:57 -0300
Processing by PostsController#index as HTML
  [1m[36mPost Load (0.1ms)[0m  [1mSELECT "posts".* FROM "posts"[0m
  Rendered posts/index.html.erb within layouts/application (1.6ms)
Completed 200 OK in 47ms (Views: 43.9ms | ActiveRecord: 0.2ms)


Started GET "/posts/new" for 127.0.0.1 at 2016-09-01 23:52:59 -0300
Processing by PostsController#new as HTML
  Rendered posts/_form.html.erb (29.3ms)
  Rendered posts/new.html.erb within layouts/application (36.7ms)
Completed 200 OK in 79ms (Views: 69.8ms | ActiveRecord: 0.3ms)


Started POST "/posts" for 127.0.0.1 at 2016-09-01 23:53:05 -0300
Processing by PostsController#create as HTML
  Parameters: {"utf8"=>"✓", "authenticity_token"=>"qTDx576nE9cxWg5Vy/yQ0VrI3supPvrSxYQ6tqbF9yvEOVU4rnfOtgawGjsLVx8mFCKEYOlDTDroDmqs1ShVLg==", "post"=>{"text"=>"Post 1", "location"=>"Here"}, "commit"=>"Create Post"}
  [1m[35m (0.1ms)[0m  begin transaction
  [1m[36mSQL (0.5ms)[0m  [1mINSERT INTO "posts" ("text", "location", "created_at", "updated_at") VALUES (?, ?, ?, ?)[0m  [["text", "Post 1"], ["location", "Here"], ["created_at", "2016-09-02 02:53:05.054759"], ["updated_at", "2016-09-02 02:53:05.054759"]]
  [1m[35m (273.8ms)[0m  commit transaction
Redirected to http://localhost:3000/posts/1
Completed 302 Found in 280ms (ActiveRecord: 274.4ms)


Started GET "/posts/1" for 127.0.0.1 at 2016-09-01 23:53:05 -0300
Processing by PostsController#show as HTML
  Parameters: {"id"=>"1"}
  [1m[36mPost Load (0.2ms)[0m  [1mSELECT  "posts".* FROM "posts" WHERE "posts"."id" = ? LIMIT 1[0m  [["id", 1]]
  Rendered posts/show.html.erb within layouts/application (0.7ms)
Completed 200 OK in 29ms (Views: 16.6ms | ActiveRecord: 0.2ms)


Started GET "/posts" for 127.0.0.1 at 2016-09-01 23:53:07 -0300
Processing by PostsController#index as HTML
  [1m[35mPost Load (0.2ms)[0m  SELECT "posts".* FROM "posts"
  Rendered posts/index.html.erb within layouts/application (1.4ms)
Completed 200 OK in 25ms (Views: 24.0ms | ActiveRecord: 0.2ms)
  [1m[36mActiveRecord::SchemaMigration Load (0.1ms)[0m  [1mSELECT "schema_migrations".* FROM "schema_migrations"[0m
Migrating to CreateComments (20160902025325)
  [1m[35m (0.1ms)[0m  begin transaction
  [1m[36m (0.3ms)[0m  [1mCREATE TABLE "comments" ("id" INTEGER PRIMARY KEY AUTOINCREMENT NOT NULL, "text" varchar, "post_id" integer, "created_at" datetime NOT NULL, "updated_at" datetime NOT NULL) [0m
  [1m[35mSQL (0.2ms)[0m  INSERT INTO "schema_migrations" ("version") VALUES (?)  [["version", "20160902025325"]]
  [1m[36m (106.0ms)[0m  [1mcommit transaction[0m
  [1m[35mActiveRecord::SchemaMigration Load (0.1ms)[0m  SELECT "schema_migrations".* FROM "schema_migrations"
  [1m[36mActiveRecord::SchemaMigration Load (0.1ms)[0m  [1mSELECT "schema_migrations".* FROM "schema_migrations"[0m
  [1m[35mActiveRecord::SchemaMigration Load (0.1ms)[0m  SELECT "schema_migrations".* FROM "schema_migrations"
  [1m[36m (0.1ms)[0m  [1mbegin transaction[0m
  [1m[35mSQL (0.2ms)[0m  INSERT INTO "posts" ("created_at", "updated_at") VALUES (?, ?)  [["created_at", "2016-09-02 02:54:58.934249"], ["updated_at", "2016-09-02 02:54:58.934249"]]
  [1m[36mSQL (0.1ms)[0m  [1mINSERT INTO "comments" ("text", "post_id", "created_at", "updated_at") VALUES (?, ?, ?, ?)[0m  [["text", "new comment"], ["post_id", 2], ["created_at", "2016-09-02 02:54:58.937203"], ["updated_at", "2016-09-02 02:54:58.937203"]]
  [1m[35m (96.5ms)[0m  commit transaction
  [1m[36mComment Load (0.1ms)[0m  [1mSELECT "comments".* FROM "comments"[0m
  [1m[35mComment Load (0.1ms)[0m  SELECT  "comments".* FROM "comments"  ORDER BY "comments"."id" DESC LIMIT 1
  [1m[36m (0.1ms)[0m  [1mbegin transaction[0m
  [1m[35m (0.1ms)[0m  rollback transaction
  [1m[36m (0.1ms)[0m  [1mbegin transaction[0m
  [1m[35m (0.1ms)[0m  rollback transaction
  [1m[36m (0.1ms)[0m  [1mbegin transaction[0m
  [1m[35m (0.1ms)[0m  rollback transaction
  [1m[36mActiveRecord::SchemaMigration Load (0.1ms)[0m  [1mSELECT "schema_migrations".* FROM "schema_migrations"[0m
Migrating to CreateAnimals (20160902030308)
  [1m[35m (0.1ms)[0m  begin transaction
  [1m[36m (0.1ms)[0m  [1mrollback transaction[0m


Started GET "/animals" for 127.0.0.1 at 2016-09-02 00:03:41 -0300
  [1m[36mActiveRecord::SchemaMigration Load (0.1ms)[0m  [1mSELECT "schema_migrations".* FROM "schema_migrations"[0m

ActiveRecord::PendingMigrationError (

Migrations are pending. To resolve this issue, run:

	bin/rake db:migrate RAILS_ENV=development

):
  activerecord (4.2.6) lib/active_record/migration.rb:392:in `check_pending!'
  activerecord (4.2.6) lib/active_record/migration.rb:373:in `call'
  actionpack (4.2.6) lib/action_dispatch/middleware/callbacks.rb:29:in `block in call'
  activesupport (4.2.6) lib/active_support/callbacks.rb:88:in `__run_callbacks__'
  activesupport (4.2.6) lib/active_support/callbacks.rb:778:in `_run_call_callbacks'
  activesupport (4.2.6) lib/active_support/callbacks.rb:81:in `run_callbacks'
  actionpack (4.2.6) lib/action_dispatch/middleware/callbacks.rb:27:in `call'
  actionpack (4.2.6) lib/action_dispatch/middleware/reloader.rb:73:in `call'
  actionpack (4.2.6) lib/action_dispatch/middleware/remote_ip.rb:78:in `call'
  actionpack (4.2.6) lib/action_dispatch/middleware/debug_exceptions.rb:17:in `call'
  web-console (2.3.0) lib/web_console/middleware.rb:28:in `block in call'
  web-console (2.3.0) lib/web_console/middleware.rb:18:in `catch'
  web-console (2.3.0) lib/web_console/middleware.rb:18:in `call'
  actionpack (4.2.6) lib/action_dispatch/middleware/show_exceptions.rb:30:in `call'
  railties (4.2.6) lib/rails/rack/logger.rb:38:in `call_app'
  railties (4.2.6) lib/rails/rack/logger.rb:20:in `block in call'
  activesupport (4.2.6) lib/active_support/tagged_logging.rb:68:in `block in tagged'
  activesupport (4.2.6) lib/active_support/tagged_logging.rb:26:in `tagged'
  activesupport (4.2.6) lib/active_support/tagged_logging.rb:68:in `tagged'
  railties (4.2.6) lib/rails/rack/logger.rb:20:in `call'
  actionpack (4.2.6) lib/action_dispatch/middleware/request_id.rb:21:in `call'
  rack (1.6.4) lib/rack/methodoverride.rb:22:in `call'
  rack (1.6.4) lib/rack/runtime.rb:18:in `call'
  activesupport (4.2.6) lib/active_support/cache/strategy/local_cache_middleware.rb:28:in `call'
  rack (1.6.4) lib/rack/lock.rb:17:in `call'
  actionpack (4.2.6) lib/action_dispatch/middleware/static.rb:120:in `call'
  rack (1.6.4) lib/rack/sendfile.rb:113:in `call'
  railties (4.2.6) lib/rails/engine.rb:518:in `call'
  railties (4.2.6) lib/rails/application.rb:165:in `call'
  rack (1.6.4) lib/rack/lock.rb:17:in `call'
  rack (1.6.4) lib/rack/content_length.rb:15:in `call'
  rack (1.6.4) lib/rack/handler/webrick.rb:88:in `service'
  /home/joao/.rvm/rubies/ruby-2.2.3/lib/ruby/2.2.0/webrick/httpserver.rb:138:in `service'
  /home/joao/.rvm/rubies/ruby-2.2.3/lib/ruby/2.2.0/webrick/httpserver.rb:94:in `run'
  /home/joao/.rvm/rubies/ruby-2.2.3/lib/ruby/2.2.0/webrick/server.rb:294:in `block in start_thread'


  Rendered /home/joao/.rvm/gems/ruby-2.2.3/gems/actionpack-4.2.6/lib/action_dispatch/middleware/templates/rescues/_source.erb (3.0ms)
  Rendered /home/joao/.rvm/gems/ruby-2.2.3/gems/actionpack-4.2.6/lib/action_dispatch/middleware/templates/rescues/_trace.html.erb (2.6ms)
  Rendered /home/joao/.rvm/gems/ruby-2.2.3/gems/actionpack-4.2.6/lib/action_dispatch/middleware/templates/rescues/_request_and_response.html.erb (0.9ms)
  Rendered /home/joao/.rvm/gems/ruby-2.2.3/gems/actionpack-4.2.6/lib/action_dispatch/middleware/templates/rescues/diagnostics.html.erb within rescues/layout (20.6ms)
  Rendered /home/joao/.rvm/gems/ruby-2.2.3/gems/web-console-2.3.0/lib/web_console/templates/_markup.html.erb (0.8ms)
  Rendered /home/joao/.rvm/gems/ruby-2.2.3/gems/web-console-2.3.0/lib/web_console/templates/_inner_console_markup.html.erb within layouts/inlined_string (0.4ms)
  Rendered /home/joao/.rvm/gems/ruby-2.2.3/gems/web-console-2.3.0/lib/web_console/templates/_prompt_box_markup.html.erb within layouts/inlined_string (0.3ms)
  Rendered /home/joao/.rvm/gems/ruby-2.2.3/gems/web-console-2.3.0/lib/web_console/templates/style.css.erb within layouts/inlined_string (0.3ms)
  Rendered /home/joao/.rvm/gems/ruby-2.2.3/gems/web-console-2.3.0/lib/web_console/templates/console.js.erb within layouts/javascript (18.5ms)
  Rendered /home/joao/.rvm/gems/ruby-2.2.3/gems/web-console-2.3.0/lib/web_console/templates/main.js.erb within layouts/javascript (0.3ms)
  Rendered /home/joao/.rvm/gems/ruby-2.2.3/gems/web-console-2.3.0/lib/web_console/templates/error_page.js.erb within layouts/javascript (0.4ms)
  Rendered /home/joao/.rvm/gems/ruby-2.2.3/gems/web-console-2.3.0/lib/web_console/templates/index.html.erb (44.2ms)
  [1m[36mActiveRecord::SchemaMigration Load (0.1ms)[0m  [1mSELECT "schema_migrations".* FROM "schema_migrations"[0m
Migrating to CreateAnimals (20160902030308)
  [1m[35m (0.1ms)[0m  begin transaction
  [1m[36m (0.0ms)[0m  [1mrollback transaction[0m
  [1m[36mActiveRecord::SchemaMigration Load (0.1ms)[0m  [1mSELECT "schema_migrations".* FROM "schema_migrations"[0m
Migrating to CreateAnimals (20160902030308)
  [1m[35m (0.1ms)[0m  begin transaction
  [1m[36m (0.3ms)[0m  [1mCREATE TABLE "animals" ("id" INTEGER PRIMARY KEY AUTOINCREMENT NOT NULL, "name" varchar, "type" varchar, "breed" varchar, "vaccined" boolean, "castrated" boolean, "sex" varchar, "size" varchar, "created_at" datetime NOT NULL, "updated_at" datetime NOT NULL) [0m
  [1m[35mSQL (0.2ms)[0m  INSERT INTO "schema_migrations" ("version") VALUES (?)  [["version", "20160902030308"]]
  [1m[36m (214.7ms)[0m  [1mcommit transaction[0m
  [1m[35mActiveRecord::SchemaMigration Load (0.1ms)[0m  SELECT "schema_migrations".* FROM "schema_migrations"


Started GET "/animals" for 127.0.0.1 at 2016-09-02 00:04:59 -0300
  [1m[36mActiveRecord::SchemaMigration Load (0.1ms)[0m  [1mSELECT "schema_migrations".* FROM "schema_migrations"[0m
Processing by AnimalsController#index as HTML
  [1m[35mAnimal Load (0.3ms)[0m  SELECT "animals".* FROM "animals"
  Rendered animals/index.html.erb within layouts/application (3.3ms)
Completed 200 OK in 415ms (Views: 404.4ms | ActiveRecord: 0.4ms)


Started GET "/assets/comments.self-877aef30ae1b040ab8a3aba4e3e309a11d7f2612f44dde450b5c157aa5f95c05.js?body=1" for 127.0.0.1 at 2016-09-02 00:05:00 -0300


Started GET "/assets/animals.self-e3b0c44298fc1c149afbf4c8996fb92427ae41e4649b934ca495991b7852b855.css?body=1" for 127.0.0.1 at 2016-09-02 00:05:00 -0300


Started GET "/assets/comments.self-e3b0c44298fc1c149afbf4c8996fb92427ae41e4649b934ca495991b7852b855.css?body=1" for 127.0.0.1 at 2016-09-02 00:05:00 -0300


Started GET "/assets/animals.self-877aef30ae1b040ab8a3aba4e3e309a11d7f2612f44dde450b5c157aa5f95c05.js?body=1" for 127.0.0.1 at 2016-09-02 00:05:00 -0300


Started GET "/assets/posts.self-e3b0c44298fc1c149afbf4c8996fb92427ae41e4649b934ca495991b7852b855.css?body=1" for 127.0.0.1 at 2016-09-02 00:05:00 -0300


Started GET "/assets/scaffolds.self-0f884940d4454c38e508a9a432f2ad0c3d7df3b88bee72b9a4546bff9831bbe3.css?body=1" for 127.0.0.1 at 2016-09-02 00:05:00 -0300


Started GET "/assets/posts.self-877aef30ae1b040ab8a3aba4e3e309a11d7f2612f44dde450b5c157aa5f95c05.js?body=1" for 127.0.0.1 at 2016-09-02 00:05:00 -0300


Started GET "/animals/new" for 127.0.0.1 at 2016-09-02 00:05:01 -0300
Processing by AnimalsController#new as HTML
  Rendered animals/_form.html.erb (423.4ms)
  Rendered animals/new.html.erb within layouts/application (432.6ms)
Completed 200 OK in 491ms (Views: 478.3ms | ActiveRecord: 0.4ms)


Started GET "/animals" for 127.0.0.1 at 2016-09-02 00:11:32 -0300
  [1m[36mActiveRecord::SchemaMigration Load (0.1ms)[0m  [1mSELECT "schema_migrations".* FROM "schema_migrations"[0m
Processing by AnimalsController#index as HTML
Completed 500 Internal Server Error in 10ms (ActiveRecord: 0.0ms)

SyntaxError (/home/joao/UNB/6ºSemestre/Desenho/audopt/app/models/animal.rb:6: syntax error, unexpected tIDENTIFIER, expecting keyword_end
	validates :sex length: {maximum: 1}
	                     ^):
  app/models/animal.rb:6: syntax error, unexpected tIDENTIFIER, expecting keyword_end
  app/controllers/animals_controller.rb:7:in `index'


  Rendered /home/joao/.rvm/gems/ruby-2.2.3/gems/actionpack-4.2.6/lib/action_dispatch/middleware/templates/rescues/_source.erb (4.4ms)
  Rendered /home/joao/.rvm/gems/ruby-2.2.3/gems/actionpack-4.2.6/lib/action_dispatch/middleware/templates/rescues/_trace.html.erb (2.5ms)
  Rendered /home/joao/.rvm/gems/ruby-2.2.3/gems/actionpack-4.2.6/lib/action_dispatch/middleware/templates/rescues/_request_and_response.html.erb (1.1ms)
  Rendered /home/joao/.rvm/gems/ruby-2.2.3/gems/actionpack-4.2.6/lib/action_dispatch/middleware/templates/rescues/diagnostics.html.erb within rescues/layout (21.5ms)
  Rendered /home/joao/.rvm/gems/ruby-2.2.3/gems/web-console-2.3.0/lib/web_console/templates/_markup.html.erb (0.4ms)
  Rendered /home/joao/.rvm/gems/ruby-2.2.3/gems/web-console-2.3.0/lib/web_console/templates/_inner_console_markup.html.erb within layouts/inlined_string (0.4ms)
  Rendered /home/joao/.rvm/gems/ruby-2.2.3/gems/web-console-2.3.0/lib/web_console/templates/_prompt_box_markup.html.erb within layouts/inlined_string (0.3ms)
  Rendered /home/joao/.rvm/gems/ruby-2.2.3/gems/web-console-2.3.0/lib/web_console/templates/style.css.erb within layouts/inlined_string (0.3ms)
  Rendered /home/joao/.rvm/gems/ruby-2.2.3/gems/web-console-2.3.0/lib/web_console/templates/console.js.erb within layouts/javascript (18.8ms)
  Rendered /home/joao/.rvm/gems/ruby-2.2.3/gems/web-console-2.3.0/lib/web_console/templates/main.js.erb within layouts/javascript (0.3ms)
  Rendered /home/joao/.rvm/gems/ruby-2.2.3/gems/web-console-2.3.0/lib/web_console/templates/error_page.js.erb within layouts/javascript (0.4ms)
  Rendered /home/joao/.rvm/gems/ruby-2.2.3/gems/web-console-2.3.0/lib/web_console/templates/index.html.erb (35.8ms)


Started GET "/animals" for 127.0.0.1 at 2016-09-02 00:11:51 -0300
Processing by AnimalsController#index as HTML
  [1m[35mAnimal Load (0.3ms)[0m  SELECT "animals".* FROM "animals"
  Rendered animals/index.html.erb within layouts/application (2.1ms)
Completed 200 OK in 258ms (Views: 255.3ms | ActiveRecord: 0.4ms)


Started GET "/assets/animals.self-e3b0c44298fc1c149afbf4c8996fb92427ae41e4649b934ca495991b7852b855.css?body=1" for 127.0.0.1 at 2016-09-02 00:11:52 -0300


Started GET "/assets/posts.self-e3b0c44298fc1c149afbf4c8996fb92427ae41e4649b934ca495991b7852b855.css?body=1" for 127.0.0.1 at 2016-09-02 00:11:52 -0300


Started GET "/assets/comments.self-e3b0c44298fc1c149afbf4c8996fb92427ae41e4649b934ca495991b7852b855.css?body=1" for 127.0.0.1 at 2016-09-02 00:11:52 -0300


Started GET "/assets/reports.self-e3b0c44298fc1c149afbf4c8996fb92427ae41e4649b934ca495991b7852b855.css?body=1" for 127.0.0.1 at 2016-09-02 00:11:52 -0300


Started GET "/assets/scaffolds.self-0f884940d4454c38e508a9a432f2ad0c3d7df3b88bee72b9a4546bff9831bbe3.css?body=1" for 127.0.0.1 at 2016-09-02 00:11:52 -0300


Started GET "/assets/users.self-e3b0c44298fc1c149afbf4c8996fb92427ae41e4649b934ca495991b7852b855.css?body=1" for 127.0.0.1 at 2016-09-02 00:11:52 -0300


Started GET "/assets/jquery.self-bd7ddd393353a8d2480a622e80342adf488fb6006d667e8b42e4c0073393abee.js?body=1" for 127.0.0.1 at 2016-09-02 00:11:52 -0300


Started GET "/assets/turbolinks.self-c5acd7a204f5f25ce7a1d8a0e4d92e28d34c9e2df2c7371cd7af88e147e4ad82.js?body=1" for 127.0.0.1 at 2016-09-02 00:11:52 -0300


Started GET "/assets/jquery_ujs.self-784a997f6726036b1993eb2217c9cb558e1cbb801c6da88105588c56f13b466a.js?body=1" for 127.0.0.1 at 2016-09-02 00:11:52 -0300


Started GET "/assets/comments.self-877aef30ae1b040ab8a3aba4e3e309a11d7f2612f44dde450b5c157aa5f95c05.js?body=1" for 127.0.0.1 at 2016-09-02 00:11:52 -0300


Started GET "/assets/application.self-e80e8f2318043e8af94dddc2adad5a4f09739a8ebb323b3ab31cd71d45fd9113.css?body=1" for 127.0.0.1 at 2016-09-02 00:11:52 -0300


Started GET "/assets/animals.self-877aef30ae1b040ab8a3aba4e3e309a11d7f2612f44dde450b5c157aa5f95c05.js?body=1" for 127.0.0.1 at 2016-09-02 00:11:52 -0300


Started GET "/assets/posts.self-877aef30ae1b040ab8a3aba4e3e309a11d7f2612f44dde450b5c157aa5f95c05.js?body=1" for 127.0.0.1 at 2016-09-02 00:11:52 -0300


Started GET "/assets/application.self-3b8dabdc891efe46b9a144b400ad69e37d7e5876bdc39dee783419a69d7ca819.js?body=1" for 127.0.0.1 at 2016-09-02 00:11:52 -0300


Started GET "/assets/reports.self-877aef30ae1b040ab8a3aba4e3e309a11d7f2612f44dde450b5c157aa5f95c05.js?body=1" for 127.0.0.1 at 2016-09-02 00:11:52 -0300


Started GET "/assets/users.self-877aef30ae1b040ab8a3aba4e3e309a11d7f2612f44dde450b5c157aa5f95c05.js?body=1" for 127.0.0.1 at 2016-09-02 00:11:52 -0300


Started GET "/animals/new" for 127.0.0.1 at 2016-09-02 00:11:53 -0300
Processing by AnimalsController#new as HTML
  Rendered animals/_form.html.erb (13.0ms)
  Rendered animals/new.html.erb within layouts/application (14.2ms)
Completed 200 OK in 39ms (Views: 33.2ms | ActiveRecord: 0.3ms)


Started POST "/animals" for 127.0.0.1 at 2016-09-02 00:11:55 -0300
Processing by AnimalsController#create as HTML
  Parameters: {"utf8"=>"✓", "authenticity_token"=>"2dV+ordMXLi3EdmhX6tbnoi8rNzZ7mAXsUWUU4CMo4ZwM62pTOnYBQHt5DFMVOzepzXCMgTarOKchdtOZ93NCA==", "animal"=>{"name"=>"", "type"=>"", "breed"=>"", "vaccined"=>"0", "castrated"=>"0", "sex"=>"", "size"=>""}, "commit"=>"Create Animal"}
  [1m[36m (0.1ms)[0m  [1mbegin transaction[0m
  [1m[35m (0.1ms)[0m  rollback transaction
  Rendered animals/_form.html.erb (4.1ms)
  Rendered animals/new.html.erb within layouts/application (4.8ms)
Completed 200 OK in 28ms (Views: 23.5ms | ActiveRecord: 0.1ms)


Started POST "/animals" for 127.0.0.1 at 2016-09-02 00:12:29 -0300
Processing by AnimalsController#create as HTML
  Parameters: {"utf8"=>"✓", "authenticity_token"=>"h9Ei+ucxJihNeJgcK/C6d/rmpz8D8CD88wSmoRwouc8uN/HxHJSilfuEpYw4Dw031W/J0d7E7AnexOm8+3nXQQ==", "animal"=>{"name"=>"Puppy", "type"=>"Cachorro", "breed"=>"", "vaccined"=>"0", "castrated"=>"0", "sex"=>"", "size"=>"Grande"}, "commit"=>"Create Animal"}
Completed 500 Internal Server Error in 3ms (ActiveRecord: 0.0ms)

ActiveRecord::SubclassNotFound (Invalid single-table inheritance type: Cachorro is not a subclass of Animal):
  app/controllers/animals_controller.rb:27:in `create'


  Rendered /home/joao/.rvm/gems/ruby-2.2.3/gems/actionpack-4.2.6/lib/action_dispatch/middleware/templates/rescues/_source.erb (3.6ms)
  Rendered /home/joao/.rvm/gems/ruby-2.2.3/gems/actionpack-4.2.6/lib/action_dispatch/middleware/templates/rescues/_trace.html.erb (2.5ms)
  Rendered /home/joao/.rvm/gems/ruby-2.2.3/gems/actionpack-4.2.6/lib/action_dispatch/middleware/templates/rescues/_request_and_response.html.erb (1.0ms)
  Rendered /home/joao/.rvm/gems/ruby-2.2.3/gems/actionpack-4.2.6/lib/action_dispatch/middleware/templates/rescues/diagnostics.html.erb within rescues/layout (18.9ms)
  Rendered /home/joao/.rvm/gems/ruby-2.2.3/gems/web-console-2.3.0/lib/web_console/templates/_markup.html.erb (0.3ms)
  Rendered /home/joao/.rvm/gems/ruby-2.2.3/gems/web-console-2.3.0/lib/web_console/templates/_inner_console_markup.html.erb within layouts/inlined_string (0.4ms)
  Rendered /home/joao/.rvm/gems/ruby-2.2.3/gems/web-console-2.3.0/lib/web_console/templates/_prompt_box_markup.html.erb within layouts/inlined_string (0.3ms)
  Rendered /home/joao/.rvm/gems/ruby-2.2.3/gems/web-console-2.3.0/lib/web_console/templates/style.css.erb within layouts/inlined_string (0.3ms)
  Rendered /home/joao/.rvm/gems/ruby-2.2.3/gems/web-console-2.3.0/lib/web_console/templates/console.js.erb within layouts/javascript (13.8ms)
  Rendered /home/joao/.rvm/gems/ruby-2.2.3/gems/web-console-2.3.0/lib/web_console/templates/main.js.erb within layouts/javascript (0.3ms)
  Rendered /home/joao/.rvm/gems/ruby-2.2.3/gems/web-console-2.3.0/lib/web_console/templates/error_page.js.erb within layouts/javascript (0.6ms)
  Rendered /home/joao/.rvm/gems/ruby-2.2.3/gems/web-console-2.3.0/lib/web_console/templates/index.html.erb (28.5ms)
  [1m[36m (131.8ms)[0m  [1mCREATE TABLE "schema_migrations" ("version" varchar NOT NULL) [0m
  [1m[35m (0.1ms)[0m  select sqlite_version(*)
  [1m[36m (132.0ms)[0m  [1mCREATE UNIQUE INDEX "unique_schema_migrations" ON "schema_migrations" ("version")[0m
  [1m[35mActiveRecord::SchemaMigration Load (0.1ms)[0m  SELECT "schema_migrations".* FROM "schema_migrations"
Migrating to CreateUsers (20160901233346)
  [1m[36m (0.1ms)[0m  [1mbegin transaction[0m
  [1m[35m (0.3ms)[0m  CREATE TABLE "users" ("id" INTEGER PRIMARY KEY AUTOINCREMENT NOT NULL, "name" varchar, "email" varchar, "password" varchar, "address" text, "phone" varchar, "birth" datetime, "created_at" datetime NOT NULL, "updated_at" datetime NOT NULL) 
  [1m[36mSQL (0.1ms)[0m  [1mINSERT INTO "schema_migrations" ("version") VALUES (?)[0m  [["version", "20160901233346"]]
  [1m[35m (134.6ms)[0m  commit transaction
Migrating to CreateReports (20160901234336)
  [1m[36m (0.1ms)[0m  [1mbegin transaction[0m
  [1m[35m (0.3ms)[0m  CREATE TABLE "reports" ("id" INTEGER PRIMARY KEY AUTOINCREMENT NOT NULL, "reason" text, "created_at" datetime NOT NULL, "updated_at" datetime NOT NULL) 
  [1m[36mSQL (0.1ms)[0m  [1mINSERT INTO "schema_migrations" ("version") VALUES (?)[0m  [["version", "20160901234336"]]
  [1m[35m (109.7ms)[0m  commit transaction
Migrating to CreatePosts (20160902025209)
  [1m[36m (0.1ms)[0m  [1mbegin transaction[0m
  [1m[35m (0.3ms)[0m  CREATE TABLE "posts" ("id" INTEGER PRIMARY KEY AUTOINCREMENT NOT NULL, "text" varchar, "location" varchar, "created_at" datetime NOT NULL, "updated_at" datetime NOT NULL) 
  [1m[36mSQL (0.1ms)[0m  [1mINSERT INTO "schema_migrations" ("version") VALUES (?)[0m  [["version", "20160902025209"]]
  [1m[35m (132.3ms)[0m  commit transaction
Migrating to CreateComments (20160902025325)
  [1m[36m (0.1ms)[0m  [1mbegin transaction[0m
  [1m[35m (0.3ms)[0m  CREATE TABLE "comments" ("id" INTEGER PRIMARY KEY AUTOINCREMENT NOT NULL, "text" varchar, "post_id" integer, "created_at" datetime NOT NULL, "updated_at" datetime NOT NULL) 
  [1m[36mSQL (0.2ms)[0m  [1mINSERT INTO "schema_migrations" ("version") VALUES (?)[0m  [["version", "20160902025325"]]
  [1m[35m (132.2ms)[0m  commit transaction
Migrating to CreateAnimals (20160902030308)
  [1m[36m (0.1ms)[0m  [1mbegin transaction[0m
  [1m[35m (0.3ms)[0m  CREATE TABLE "animals" ("id" INTEGER PRIMARY KEY AUTOINCREMENT NOT NULL, "name" varchar, "kind" varchar, "breed" varchar, "vaccined" boolean, "castrated" boolean, "sex" varchar, "size" varchar, "created_at" datetime NOT NULL, "updated_at" datetime NOT NULL) 
  [1m[36mSQL (0.1ms)[0m  [1mINSERT INTO "schema_migrations" ("version") VALUES (?)[0m  [["version", "20160902030308"]]
  [1m[35m (142.7ms)[0m  commit transaction
  [1m[36mActiveRecord::SchemaMigration Load (0.1ms)[0m  [1mSELECT "schema_migrations".* FROM "schema_migrations"[0m


Started GET "/animals" for 127.0.0.1 at 2016-09-02 00:14:38 -0300
  [1m[36mActiveRecord::SchemaMigration Load (0.1ms)[0m  [1mSELECT "schema_migrations".* FROM "schema_migrations"[0m
Processing by AnimalsController#index as HTML
  [1m[35mAnimal Load (0.1ms)[0m  SELECT "animals".* FROM "animals"
  Rendered animals/index.html.erb within layouts/application (1.2ms)
Completed 200 OK in 27ms (Views: 24.2ms | ActiveRecord: 0.2ms)


Started GET "/animals/new" for 127.0.0.1 at 2016-09-02 00:14:40 -0300
Processing by AnimalsController#new as HTML
  Rendered animals/_form.html.erb (3.9ms)
  Rendered animals/new.html.erb within layouts/application (4.5ms)
Completed 500 Internal Server Error in 11ms (ActiveRecord: 0.2ms)

ActionView::Template::Error (undefined method `type' for #<Animal:0x007f43822b0170>):
    17:   </div>
    18:   <div class="field">
    19:     <%= f.label :type %><br>
    20:     <%= f.text_field :type %>
    21:   </div>
    22:   <div class="field">
    23:     <%= f.label :breed %><br>
  app/views/animals/_form.html.erb:20:in `block in _app_views_animals__form_html_erb__4372472961647203683_69963959986160'
  app/views/animals/_form.html.erb:1:in `_app_views_animals__form_html_erb__4372472961647203683_69963959986160'
  app/views/animals/new.html.erb:3:in `_app_views_animals_new_html_erb___4548059820263281746_69963959978260'


  Rendered /home/joao/.rvm/gems/ruby-2.2.3/gems/actionpack-4.2.6/lib/action_dispatch/middleware/templates/rescues/_source.erb (6.2ms)
  Rendered /home/joao/.rvm/gems/ruby-2.2.3/gems/actionpack-4.2.6/lib/action_dispatch/middleware/templates/rescues/_trace.html.erb (11.1ms)
  Rendered /home/joao/.rvm/gems/ruby-2.2.3/gems/actionpack-4.2.6/lib/action_dispatch/middleware/templates/rescues/_request_and_response.html.erb (0.8ms)
  Rendered /home/joao/.rvm/gems/ruby-2.2.3/gems/actionpack-4.2.6/lib/action_dispatch/middleware/templates/rescues/template_error.html.erb within rescues/layout (29.9ms)
  Rendered /home/joao/.rvm/gems/ruby-2.2.3/gems/web-console-2.3.0/lib/web_console/templates/_markup.html.erb (0.3ms)
  Rendered /home/joao/.rvm/gems/ruby-2.2.3/gems/web-console-2.3.0/lib/web_console/templates/_inner_console_markup.html.erb within layouts/inlined_string (0.3ms)
  Rendered /home/joao/.rvm/gems/ruby-2.2.3/gems/web-console-2.3.0/lib/web_console/templates/_prompt_box_markup.html.erb within layouts/inlined_string (0.2ms)
  Rendered /home/joao/.rvm/gems/ruby-2.2.3/gems/web-console-2.3.0/lib/web_console/templates/style.css.erb within layouts/inlined_string (0.3ms)
  Rendered /home/joao/.rvm/gems/ruby-2.2.3/gems/web-console-2.3.0/lib/web_console/templates/console.js.erb within layouts/javascript (14.1ms)
  Rendered /home/joao/.rvm/gems/ruby-2.2.3/gems/web-console-2.3.0/lib/web_console/templates/main.js.erb within layouts/javascript (0.3ms)
  Rendered /home/joao/.rvm/gems/ruby-2.2.3/gems/web-console-2.3.0/lib/web_console/templates/error_page.js.erb within layouts/javascript (0.5ms)
  Rendered /home/joao/.rvm/gems/ruby-2.2.3/gems/web-console-2.3.0/lib/web_console/templates/index.html.erb (29.1ms)


Started GET "/animals/new" for 127.0.0.1 at 2016-09-02 00:15:57 -0300
Processing by AnimalsController#new as HTML
  Rendered animals/_form.html.erb (4.6ms)
  Rendered animals/new.html.erb within layouts/application (5.5ms)
Completed 200 OK in 42ms (Views: 29.6ms | ActiveRecord: 0.8ms)


Started POST "/animals" for 127.0.0.1 at 2016-09-02 00:16:00 -0300
Processing by AnimalsController#create as HTML
  Parameters: {"utf8"=>"✓", "authenticity_token"=>"f4e2oRKo+4UfN9nR5fRW9A2gxQlNxDQ6xwnTcXNdHBjWYWWq6Q1/OKnL5EH2C+G0Iimr55Dw+M/qyZxslAxylg==", "animal"=>{"name"=>"", "kind"=>"", "breed"=>"", "vaccined"=>"0", "castrated"=>"0", "sex"=>"", "size"=>""}, "commit"=>"Create Animal"}
  [1m[36m (0.1ms)[0m  [1mbegin transaction[0m
  [1m[35m (0.1ms)[0m  rollback transaction
  Rendered animals/_form.html.erb (9.2ms)
  Rendered animals/new.html.erb within layouts/application (10.0ms)
Completed 200 OK in 50ms (Views: 42.2ms | ActiveRecord: 0.2ms)


Started POST "/animals" for 127.0.0.1 at 2016-09-02 00:16:17 -0300
Processing by AnimalsController#create as HTML
  Parameters: {"utf8"=>"✓", "authenticity_token"=>"J0O5d/GUjCnVctCHn5W7KrC8/7CFOFm0fAQwqHCRvzaOpWp8CjEIlGOO7ReMagxqnzWRXlgMlUFRxH+1l8DRuA==", "animal"=>{"name"=>"Puppy", "kind"=>"Cachorro", "breed"=>"", "vaccined"=>"0", "castrated"=>"0", "sex"=>"", "size"=>"Grande"}, "commit"=>"Create Animal"}
  [1m[36m (0.1ms)[0m  [1mbegin transaction[0m
  [1m[35mSQL (0.3ms)[0m  INSERT INTO "animals" ("name", "kind", "breed", "vaccined", "castrated", "sex", "size", "created_at", "updated_at") VALUES (?, ?, ?, ?, ?, ?, ?, ?, ?)  [["name", "Puppy"], ["kind", "Cachorro"], ["breed", ""], ["vaccined", "f"], ["castrated", "f"], ["sex", ""], ["size", "Grande"], ["created_at", "2016-09-02 03:16:17.195888"], ["updated_at", "2016-09-02 03:16:17.195888"]]
  [1m[36m (192.9ms)[0m  [1mcommit transaction[0m
Redirected to http://localhost:3000/animals/1
Completed 302 Found in 200ms (ActiveRecord: 193.3ms)


Started GET "/animals/1" for 127.0.0.1 at 2016-09-02 00:16:17 -0300
Processing by AnimalsController#show as HTML
  Parameters: {"id"=>"1"}
  [1m[35mAnimal Load (0.3ms)[0m  SELECT  "animals".* FROM "animals" WHERE "animals"."id" = ? LIMIT 1  [["id", 1]]
  Rendered animals/show.html.erb within layouts/application (1.3ms)
Completed 200 OK in 67ms (Views: 21.9ms | ActiveRecord: 0.3ms)


Started GET "/animals" for 127.0.0.1 at 2016-09-02 00:16:21 -0300
Processing by AnimalsController#index as HTML
  [1m[36mAnimal Load (0.2ms)[0m  [1mSELECT "animals".* FROM "animals"[0m
  Rendered animals/index.html.erb within layouts/application (1.9ms)
Completed 200 OK in 26ms (Views: 25.0ms | ActiveRecord: 0.2ms)


Started GET "/animals/1" for 127.0.0.1 at 2016-09-02 00:16:23 -0300
Processing by AnimalsController#show as HTML
  Parameters: {"id"=>"1"}
  [1m[35mAnimal Load (0.1ms)[0m  SELECT  "animals".* FROM "animals" WHERE "animals"."id" = ? LIMIT 1  [["id", 1]]
  Rendered animals/show.html.erb within layouts/application (0.4ms)
Completed 200 OK in 26ms (Views: 25.5ms | ActiveRecord: 0.1ms)
